0 info it worked if it ends with ok
1 verbose cli [ '/usr/local/bin/node',
1 verbose cli   '/usr/local/bin/npm',
1 verbose cli   'build',
1 verbose cli   '.',
1 verbose cli   '--verbose' ]
2 info using npm@3.9.0
3 info using node@v4.2.4
4 info build /Users/Magnus/Desktop/GitHub/node-hzeller-matrix
5 info lifecycle hzeller-matrix@1.0.1~preinstall: hzeller-matrix@1.0.1
6 silly lifecycle hzeller-matrix@1.0.1~preinstall: no script for preinstall, continuing
7 info linkStuff hzeller-matrix@1.0.1
8 silly linkStuff hzeller-matrix@1.0.1 has /Users/Magnus/Desktop/GitHub as its parent node_modules
9 verbose linkBins hzeller-matrix@1.0.1
10 verbose linkMans hzeller-matrix@1.0.1
11 verbose rebuildBundles hzeller-matrix@1.0.1
12 verbose rebuildBundles [ 'nan' ]
13 info lifecycle hzeller-matrix@1.0.1~install: hzeller-matrix@1.0.1
14 verbose lifecycle hzeller-matrix@1.0.1~install: unsafe-perm in lifecycle true
15 verbose lifecycle hzeller-matrix@1.0.1~install: PATH: /usr/local/lib/node_modules/npm/bin/node-gyp-bin:/Users/Magnus/Desktop/GitHub/node-hzeller-matrix/node_modules/.bin:/usr/local/bin:/Users/Magnus/.rvm/gems/ruby-2.1.3/bin:/Users/Magnus/.rvm/gems/ruby-2.1.3@global/bin:/Users/Magnus/.rvm/rubies/ruby-2.1.3/bin:/usr/bin:/bin:/usr/sbin:/sbin:/usr/local/bin:/Users/Magnus/.rvm/bin
16 verbose lifecycle hzeller-matrix@1.0.1~install: CWD: /Users/Magnus/Desktop/GitHub/node-hzeller-matrix
17 silly lifecycle hzeller-matrix@1.0.1~install: Args: [ '-c', 'node-gyp rebuild' ]
18 silly lifecycle hzeller-matrix@1.0.1~install: Returned: code: 1  signal: null
19 info lifecycle hzeller-matrix@1.0.1~install: Failed to exec install script
20 verbose stack Error: hzeller-matrix@1.0.1 install: `node-gyp rebuild`
20 verbose stack Exit status 1
20 verbose stack     at EventEmitter.<anonymous> (/usr/local/lib/node_modules/npm/lib/utils/lifecycle.js:245:16)
20 verbose stack     at emitTwo (events.js:87:13)
20 verbose stack     at EventEmitter.emit (events.js:172:7)
20 verbose stack     at ChildProcess.<anonymous> (/usr/local/lib/node_modules/npm/lib/utils/spawn.js:24:14)
20 verbose stack     at emitTwo (events.js:87:13)
20 verbose stack     at ChildProcess.emit (events.js:172:7)
20 verbose stack     at maybeClose (internal/child_process.js:818:16)
20 verbose stack     at Process.ChildProcess._handle.onexit (internal/child_process.js:211:5)
21 verbose pkgid hzeller-matrix@1.0.1
22 verbose cwd /Users/Magnus/Desktop/GitHub/node-hzeller-matrix
23 error Darwin 15.3.0
24 error argv "/usr/local/bin/node" "/usr/local/bin/npm" "build" "." "--verbose"
25 error node v4.2.4
26 error npm  v3.9.0
27 error code ELIFECYCLE
28 error hzeller-matrix@1.0.1 install: `node-gyp rebuild`
28 error Exit status 1
29 error Failed at the hzeller-matrix@1.0.1 install script 'node-gyp rebuild'.
29 error Make sure you have the latest version of node.js and npm installed.
29 error If you do, this is most likely a problem with the hzeller-matrix package,
29 error not with npm itself.
29 error Tell the author that this fails on your system:
29 error     node-gyp rebuild
29 error You can get information on how to open an issue for this project with:
29 error     npm bugs hzeller-matrix
29 error Or if that isn't available, you can get their info via:
29 error     npm owner ls hzeller-matrix
29 error There is likely additional logging output above.
30 verbose exit [ 1, true ]
